<?xml version="1.0" encoding="UTF-8"?>
<coverage generated="1513333909">
  <project timestamp="1513333909">
    <package name="Database">
      <file name="C:\wamp64\www\librairies\Database\src/Connection.php">
        <class name="Connection" namespace="Database">
          <metrics complexity="11" methods="5" coveredmethods="3" conditionals="0" coveredconditionals="0" statements="20" coveredstatements="16" elements="25" coveredelements="19"/>
        </class>
        <line num="20" type="method" name="__construct" visibility="public" complexity="2" crap="2" count="3"/>
        <line num="22" type="stmt" count="3"/>
        <line num="23" type="stmt" count="3"/>
        <line num="25" type="stmt" count="1"/>
        <line num="26" type="stmt" count="1"/>
        <line num="28" type="stmt" count="3"/>
        <line num="30" type="method" name="devModeEnable" visibility="public" complexity="1" crap="1" count="2"/>
        <line num="31" type="stmt" count="2"/>
        <line num="32" type="stmt" count="2"/>
        <line num="34" type="method" name="useDatabase" visibility="public" complexity="4" crap="4" count="3"/>
        <line num="35" type="stmt" count="3"/>
        <line num="36" type="stmt" count="3"/>
        <line num="37" type="stmt" count="1"/>
        <line num="38" type="stmt" count="2"/>
        <line num="39" type="stmt" count="1"/>
        <line num="41" type="stmt" count="1"/>
        <line num="44" type="method" name="createDatabase" visibility="private" complexity="2" crap="2.06" count="1"/>
        <line num="45" type="stmt" count="1"/>
        <line num="46" type="stmt" count="0"/>
        <line num="48" type="stmt" count="1"/>
        <line num="49" type="stmt" count="1"/>
        <line num="52" type="method" name="deleteDatabase" visibility="public" complexity="2" crap="6" count="0"/>
        <line num="53" type="stmt" count="0"/>
        <line num="54" type="stmt" count="0"/>
        <line num="56" type="stmt" count="0"/>
        <metrics loc="57" ncloc="49" classes="1" methods="5" coveredmethods="3" conditionals="0" coveredconditionals="0" statements="20" coveredstatements="16" elements="25" coveredelements="19"/>
      </file>
      <file name="C:\wamp64\www\librairies\Database\src/Manager.php">
        <class name="Manager" namespace="Database">
          <metrics complexity="0" methods="0" coveredmethods="0" conditionals="0" coveredconditionals="0" statements="0" coveredstatements="0" elements="0" coveredelements="0"/>
        </class>
        <metrics loc="7" ncloc="7" classes="0" methods="0" coveredmethods="0" conditionals="0" coveredconditionals="0" statements="0" coveredstatements="0" elements="0" coveredelements="0"/>
      </file>
      <file name="C:\wamp64\www\librairies\Database\src/Request.php">
        <class name="Request" namespace="Database">
          <metrics complexity="0" methods="0" coveredmethods="0" conditionals="0" coveredconditionals="0" statements="0" coveredstatements="0" elements="0" coveredelements="0"/>
        </class>
        <metrics loc="21" ncloc="9" classes="0" methods="0" coveredmethods="0" conditionals="0" coveredconditionals="0" statements="0" coveredstatements="0" elements="0" coveredelements="0"/>
      </file>
    </package>
    <package name="Database\Exceptions">
      <file name="C:\wamp64\www\librairies\Database\src/Exceptions/DatabaseException.php">
        <class name="DatabaseException" namespace="Database\Exceptions">
          <metrics complexity="4" methods="1" coveredmethods="0" conditionals="0" coveredconditionals="0" statements="17" coveredstatements="13" elements="18" coveredelements="13"/>
        </class>
        <line num="14" type="method" name="__construct" visibility="public" complexity="4" crap="4.21" count="1"/>
        <line num="15" type="stmt" count="1"/>
        <line num="16" type="stmt" count="1"/>
        <line num="18" type="stmt" count="1"/>
        <line num="19" type="stmt" count="1"/>
        <line num="20" type="stmt" count="1"/>
        <line num="21" type="stmt" count="1"/>
        <line num="22" type="stmt" count="1"/>
        <line num="24" type="stmt" count="1"/>
        <line num="25" type="stmt" count="1"/>
        <line num="26" type="stmt" count="1"/>
        <line num="27" type="stmt" count="1"/>
        <line num="29" type="stmt" count="0"/>
        <line num="30" type="stmt" count="0"/>
        <line num="31" type="stmt" count="0"/>
        <line num="32" type="stmt" count="0"/>
        <line num="35" type="stmt" count="1"/>
        <line num="36" type="stmt" count="1"/>
        <metrics loc="37" ncloc="37" classes="1" methods="1" coveredmethods="0" conditionals="0" coveredconditionals="0" statements="17" coveredstatements="13" elements="18" coveredelements="13"/>
      </file>
    </package>
    <file name="C:\wamp64\www\librairies\Database\src/Interfaces/DatabaseInterface.php">
      <metrics loc="12" ncloc="7" classes="0" methods="0" coveredmethods="0" conditionals="0" coveredconditionals="0" statements="0" coveredstatements="0" elements="0" coveredelements="0"/>
    </file>
    <file name="C:\wamp64\www\librairies\Database\src/Interfaces/RequestInterface.php">
      <metrics loc="12" ncloc="7" classes="0" methods="0" coveredmethods="0" conditionals="0" coveredconditionals="0" statements="0" coveredstatements="0" elements="0" coveredelements="0"/>
    </file>
    <metrics files="6" loc="146" ncloc="116" classes="2" methods="6" coveredmethods="3" conditionals="0" coveredconditionals="0" statements="37" coveredstatements="29" elements="43" coveredelements="32"/>
  </project>
</coverage>
